# JRE version: OpenJDK Runtime Environment (8.0_242-b01) (build 1.8.0_242-release-1644-b01)
# Java VM: OpenJDK 64-Bit Server VM (25.242-b01 mixed mode windows-amd64 compressed oops)
Heap:
 PSYoungGen      total 614400K, used 371564K [0x00000000d5580000, 0x00000000ff500000, 0x0000000100000000)
  eden space 556544K, 60% used [0x00000000d5580000,0x00000000ea0b0730,0x00000000f7500000)
  from space 57856K, 56% used [0x00000000fbc80000,0x00000000fdc2aa78,0x00000000ff500000)
  to   space 65536K, 0% used [0x00000000f7500000,0x00000000f7500000,0x00000000fb500000)
 ParOldGen       total 250880K, used 72265K [0x0000000080000000, 0x000000008f500000, 0x00000000d5580000)
  object space 250880K, 28% used [0x0000000080000000,0x0000000084692668,0x000000008f500000)
 Metaspace       used 103184K, capacity 108478K, committed 110680K, reserved 1144832K
  class space    used 13487K, capacity 14467K, committed 15232K, reserved 1048576K
GC Heap History (10 events):
Event: 19.259 GC heap before
{Heap before GC invocations=22 (full 3):
 PSYoungGen      total 642560K, used 624342K [0x00000000d5580000, 0x0000000100000000, 0x0000000100000000)
  eden space 589312K, 100% used [0x00000000d5580000,0x00000000f9500000,0x00000000f9500000)
  from space 53248K, 65% used [0x00000000fcc00000,0x00000000fee359a8,0x0000000100000000)
  to   space 54784K, 0% used [0x00000000f9500000,0x00000000f9500000,0x00000000fca80000)
 ParOldGen       total 162304K, used 117662K [0x0000000080000000, 0x0000000089e80000, 0x00000000d5580000)
  object space 162304K, 72% used [0x0000000080000000,0x00000000872e7be8,0x0000000089e80000)
 Metaspace       used 87829K, capacity 94028K, committed 94168K, reserved 1130496K
  class space    used 12059K, capacity 13275K, committed 13312K, reserved 1048576K
Event: 19.322 GC heap after
Heap after GC invocations=22 (full 3):
 PSYoungGen      total 640512K, used 50741K [0x00000000d5580000, 0x0000000100000000, 0x0000000100000000)
  eden space 589312K, 0% used [0x00000000d5580000,0x00000000d5580000,0x00000000f9500000)
  from space 51200K, 99% used [0x00000000f9500000,0x00000000fc68d540,0x00000000fc700000)
  to   space 58368K, 0% used [0x00000000fc700000,0x00000000fc700000,0x0000000100000000)
 ParOldGen       total 162304K, used 117670K [0x0000000080000000, 0x0000000089e80000, 0x00000000d5580000)
  object space 162304K, 72% used [0x0000000080000000,0x00000000872e9be8,0x0000000089e80000)
 Metaspace       used 87829K, capacity 94028K, committed 94168K, reserved 1130496K
  class space    used 12059K, capacity 13275K, committed 13312K, reserved 1048576K
}
Event: 21.929 GC heap before
{Heap before GC invocations=23 (full 3):
 PSYoungGen      total 640512K, used 640053K [0x00000000d5580000, 0x0000000100000000, 0x0000000100000000)
  eden space 589312K, 100% used [0x00000000d5580000,0x00000000f9500000,0x00000000f9500000)
  from space 51200K, 99% used [0x00000000f9500000,0x00000000fc68d540,0x00000000fc700000)
  to   space 58368K, 0% used [0x00000000fc700000,0x00000000fc700000,0x0000000100000000)
 ParOldGen       total 162304K, used 117670K [0x0000000080000000, 0x0000000089e80000, 0x00000000d5580000)
  object space 162304K, 72% used [0x0000000080000000,0x00000000872e9be8,0x0000000089e80000)
 Metaspace       used 88708K, capacity 95012K, committed 95320K, reserved 1130496K
  class space    used 12142K, capacity 13353K, committed 13440K, reserved 1048576K
Event: 21.991 GC heap after
Heap after GC invocations=23 (full 3):
 PSYoungGen      total 610816K, used 58365K [0x00000000d5580000, 0x0000000100000000, 0x0000000100000000)
  eden space 552448K, 0% used [0x00000000d5580000,0x00000000d5580000,0x00000000f7100000)
  from space 58368K, 99% used [0x00000000fc700000,0x00000000fffff5d0,0x0000000100000000)
  to   space 73216K, 0% used [0x00000000f7100000,0x00000000f7100000,0x00000000fb880000)
 ParOldGen       total 162304K, used 128237K [0x0000000080000000, 0x0000000089e80000, 0x00000000d5580000)
  object space 162304K, 79% used [0x0000000080000000,0x0000000087d3b420,0x0000000089e80000)
 Metaspace       used 88708K, capacity 95012K, committed 95320K, reserved 1130496K
  class space    used 12142K, capacity 13353K, committed 13440K, reserved 1048576K
}
Event: 25.656 GC heap before
{Heap before GC invocations=24 (full 3):
 PSYoungGen      total 610816K, used 300242K [0x00000000d5580000, 0x0000000100000000, 0x0000000100000000)
  eden space 552448K, 43% used [0x00000000d5580000,0x00000000e41b5350,0x00000000f7100000)
  from space 58368K, 99% used [0x00000000fc700000,0x00000000fffff5d0,0x0000000100000000)
  to   space 73216K, 0% used [0x00000000f7100000,0x00000000f7100000,0x00000000fb880000)
 ParOldGen       total 162304K, used 128237K [0x0000000080000000, 0x0000000089e80000, 0x00000000d5580000)
  object space 162304K, 79% used [0x0000000080000000,0x0000000087d3b420,0x0000000089e80000)
 Metaspace       used 91899K, capacity 98300K, committed 98380K, reserved 1134592K
  class space    used 12517K, capacity 13771K, committed 13824K, reserved 1048576K
Event: 25.691 GC heap after
Heap after GC invocations=24 (full 3):
 PSYoungGen      total 625664K, used 32405K [0x00000000d5580000, 0x0000000100000000, 0x0000000100000000)
  eden space 552448K, 0% used [0x00000000d5580000,0x00000000d5580000,0x00000000f7100000)
  from space 73216K, 44% used [0x00000000f7100000,0x00000000f90a5438,0x00000000fb880000)
  to   space 69120K, 0% used [0x00000000fbc80000,0x00000000fbc80000,0x0000000100000000)
 ParOldGen       total 162304K, used 133508K [0x0000000080000000, 0x0000000089e80000, 0x00000000d5580000)
  object space 162304K, 82% used [0x0000000080000000,0x0000000088261260,0x0000000089e80000)
 Metaspace       used 91899K, capacity 98300K, committed 98380K, reserved 1134592K
  class space    used 12517K, capacity 13771K, committed 13824K, reserved 1048576K
}
Event: 25.691 GC heap before
{Heap before GC invocations=25 (full 4):
 PSYoungGen      total 625664K, used 32405K [0x00000000d5580000, 0x0000000100000000, 0x0000000100000000)
  eden space 552448K, 0% used [0x00000000d5580000,0x00000000d5580000,0x00000000f7100000)
  from space 73216K, 44% used [0x00000000f7100000,0x00000000f90a5438,0x00000000fb880000)
  to   space 69120K, 0% used [0x00000000fbc80000,0x00000000fbc80000,0x0000000100000000)
 ParOldGen       total 162304K, used 133508K [0x0000000080000000, 0x0000000089e80000, 0x00000000d5580000)
  object space 162304K, 82% used [0x0000000080000000,0x0000000088261260,0x0000000089e80000)
 Metaspace       used 91899K, capacity 98300K, committed 98380K, reserved 1134592K
  class space    used 12517K, capacity 13771K, committed 13824K, reserved 1048576K
Event: 25.899 GC heap after
Heap after GC invocations=25 (full 4):
 PSYoungGen      total 625664K, used 0K [0x00000000d5580000, 0x0000000100000000, 0x0000000100000000)
  eden space 552448K, 0% used [0x00000000d5580000,0x00000000d5580000,0x00000000f7100000)
  from space 73216K, 0% used [0x00000000f7100000,0x00000000f7100000,0x00000000fb880000)
  to   space 69120K, 0% used [0x00000000fbc80000,0x00000000fbc80000,0x0000000100000000)
 ParOldGen       total 250880K, used 72257K [0x0000000080000000, 0x000000008f500000, 0x00000000d5580000)
  object space 250880K, 28% used [0x0000000080000000,0x0000000084690668,0x000000008f500000)
 Metaspace       used 90529K, capacity 95164K, committed 98380K, reserved 1134592K
  class space    used 12028K, capacity 12893K, committed 13824K, reserved 1048576K
}
Event: 34.492 GC heap before
{Heap before GC invocations=26 (full 4):
 PSYoungGen      total 625664K, used 552448K [0x00000000d5580000, 0x0000000100000000, 0x0000000100000000)
  eden space 552448K, 100% used [0x00000000d5580000,0x00000000f7100000,0x00000000f7100000)
  from space 73216K, 0% used [0x00000000f7100000,0x00000000f7100000,0x00000000fb880000)
  to   space 69120K, 0% used [0x00000000fbc80000,0x00000000fbc80000,0x0000000100000000)
 ParOldGen       total 250880K, used 72257K [0x0000000080000000, 0x000000008f500000, 0x00000000d5580000)
  object space 250880K, 28% used [0x0000000080000000,0x0000000084690668,0x000000008f500000)
 Metaspace       used 98194K, capacity 103194K, committed 105944K, reserved 1140736K
  class space    used 13075K, capacity 13987K, committed 14848K, reserved 1048576K
Event: 34.528 GC heap after
Heap after GC invocations=26 (full 4):
 PSYoungGen      total 614400K, used 32426K [0x00000000d5580000, 0x00000000ff500000, 0x0000000100000000)
  eden space 556544K, 0% used [0x00000000d5580000,0x00000000d5580000,0x00000000f7500000)
  from space 57856K, 56% used [0x00000000fbc80000,0x00000000fdc2aa78,0x00000000ff500000)
  to   space 65536K, 0% used [0x00000000f7500000,0x00000000f7500000,0x00000000fb500000)
 ParOldGen       total 250880K, used 72265K [0x0000000080000000, 0x000000008f500000, 0x00000000d5580000)
  object space 250880K, 28% used [0x0000000080000000,0x0000000084692668,0x000000008f500000)
 Metaspace       used 98194K, capacity 103194K, committed 105944K, reserved 1140736K
  class space    used 13075K, capacity 13987K, committed 14848K, reserved 1048576K
}

