# JRE version: OpenJDK Runtime Environment (8.0_242-b01) (build 1.8.0_242-release-1644-b01)
# Java VM: OpenJDK 64-Bit Server VM (25.242-b01 mixed mode windows-amd64 compressed oops)
Heap:
 PSYoungGen      total 246784K, used 237690K [0x00000000d5580000, 0x00000000e7e80000, 0x0000000100000000)
  eden space 217600K, 95% used [0x00000000d5580000,0x00000000e2121408,0x00000000e2a00000)
  from space 29184K, 99% used [0x00000000e6200000,0x00000000e7e7d538,0x00000000e7e80000)
  to   space 26112K, 0% used [0x00000000e2a00000,0x00000000e2a00000,0x00000000e4380000)
 ParOldGen       total 144384K, used 53788K [0x0000000080000000, 0x0000000088d00000, 0x00000000d5580000)
  object space 144384K, 37% used [0x0000000080000000,0x0000000083487108,0x0000000088d00000)
 Metaspace       used 90214K, capacity 95742K, committed 95832K, reserved 1132544K
  class space    used 12296K, capacity 13360K, committed 13440K, reserved 1048576K
GC Heap History (10 events):
Event: 7.204 GC heap before
{Heap before GC invocations=13 (full 3):
 PSYoungGen      total 209920K, used 18632K [0x00000000d5580000, 0x00000000e3e80000, 0x0000000100000000)
  eden space 190464K, 0% used [0x00000000d5580000,0x00000000d5580000,0x00000000e0f80000)
  from space 19456K, 95% used [0x00000000e2480000,0x00000000e36b2368,0x00000000e3780000)
  to   space 21504K, 0% used [0x00000000e0f80000,0x00000000e0f80000,0x00000000e2480000)
 ParOldGen       total 96256K, used 28897K [0x0000000080000000, 0x0000000085e00000, 0x00000000d5580000)
  object space 96256K, 30% used [0x0000000080000000,0x0000000081c385c0,0x0000000085e00000)
 Metaspace       used 56647K, capacity 58962K, committed 59028K, reserved 1099776K
  class space    used 7669K, capacity 8138K, committed 8192K, reserved 1048576K
Event: 7.380 GC heap after
Heap after GC invocations=13 (full 3):
 PSYoungGen      total 209920K, used 0K [0x00000000d5580000, 0x00000000e3e80000, 0x0000000100000000)
  eden space 190464K, 0% used [0x00000000d5580000,0x00000000d5580000,0x00000000e0f80000)
  from space 19456K, 0% used [0x00000000e2480000,0x00000000e2480000,0x00000000e3780000)
  to   space 21504K, 0% used [0x00000000e0f80000,0x00000000e0f80000,0x00000000e2480000)
 ParOldGen       total 144384K, used 32010K [0x0000000080000000, 0x0000000088d00000, 0x00000000d5580000)
  object space 144384K, 22% used [0x0000000080000000,0x0000000081f42ad0,0x0000000088d00000)
 Metaspace       used 56599K, capacity 58800K, committed 59028K, reserved 1099776K
  class space    used 7655K, capacity 8111K, committed 8192K, reserved 1048576K
}
Event: 9.791 GC heap before
{Heap before GC invocations=14 (full 3):
 PSYoungGen      total 209920K, used 190464K [0x00000000d5580000, 0x00000000e3e80000, 0x0000000100000000)
  eden space 190464K, 100% used [0x00000000d5580000,0x00000000e0f80000,0x00000000e0f80000)
  from space 19456K, 0% used [0x00000000e2480000,0x00000000e2480000,0x00000000e3780000)
  to   space 21504K, 0% used [0x00000000e0f80000,0x00000000e0f80000,0x00000000e2480000)
 ParOldGen       total 144384K, used 32010K [0x0000000080000000, 0x0000000088d00000, 0x00000000d5580000)
  object space 144384K, 22% used [0x0000000080000000,0x0000000081f42ad0,0x0000000088d00000)
 Metaspace       used 67287K, capacity 70808K, committed 70872K, reserved 1110016K
  class space    used 9295K, capacity 9983K, committed 9984K, reserved 1048576K
Event: 9.808 GC heap after
Heap after GC invocations=14 (full 3):
 PSYoungGen      total 211968K, used 18144K [0x00000000d5580000, 0x00000000e5a80000, 0x0000000100000000)
  eden space 190464K, 0% used [0x00000000d5580000,0x00000000d5580000,0x00000000e0f80000)
  from space 21504K, 84% used [0x00000000e0f80000,0x00000000e21380d8,0x00000000e2480000)
  to   space 23552K, 0% used [0x00000000e4380000,0x00000000e4380000,0x00000000e5a80000)
 ParOldGen       total 144384K, used 32018K [0x0000000080000000, 0x0000000088d00000, 0x00000000d5580000)
  object space 144384K, 22% used [0x0000000080000000,0x0000000081f44ad0,0x0000000088d00000)
 Metaspace       used 67287K, capacity 70808K, committed 70872K, reserved 1110016K
  class space    used 9295K, capacity 9983K, committed 9984K, reserved 1048576K
}
Event: 14.208 GC heap before
{Heap before GC invocations=15 (full 3):
 PSYoungGen      total 211968K, used 208608K [0x00000000d5580000, 0x00000000e5a80000, 0x0000000100000000)
  eden space 190464K, 100% used [0x00000000d5580000,0x00000000e0f80000,0x00000000e0f80000)
  from space 21504K, 84% used [0x00000000e0f80000,0x00000000e21380d8,0x00000000e2480000)
  to   space 23552K, 0% used [0x00000000e4380000,0x00000000e4380000,0x00000000e5a80000)
 ParOldGen       total 144384K, used 32018K [0x0000000080000000, 0x0000000088d00000, 0x00000000d5580000)
  object space 144384K, 22% used [0x0000000080000000,0x0000000081f44ad0,0x0000000088d00000)
 Metaspace       used 76088K, capacity 79830K, committed 80088K, reserved 1118208K
  class space    used 10256K, capacity 10950K, committed 11008K, reserved 1048576K
Event: 14.238 GC heap after
Heap after GC invocations=15 (full 3):
 PSYoungGen      total 241152K, used 20824K [0x00000000d5580000, 0x00000000e5d00000, 0x0000000100000000)
  eden space 217600K, 0% used [0x00000000d5580000,0x00000000d5580000,0x00000000e2a00000)
  from space 23552K, 88% used [0x00000000e4380000,0x00000000e57d63f8,0x00000000e5a80000)
  to   space 26112K, 0% used [0x00000000e2a00000,0x00000000e2a00000,0x00000000e4380000)
 ParOldGen       total 144384K, used 32026K [0x0000000080000000, 0x0000000088d00000, 0x00000000d5580000)
  object space 144384K, 22% used [0x0000000080000000,0x0000000081f46ad0,0x0000000088d00000)
 Metaspace       used 76088K, capacity 79830K, committed 80088K, reserved 1118208K
  class space    used 10256K, capacity 10950K, committed 11008K, reserved 1048576K
}
Event: 17.385 GC heap before
{Heap before GC invocations=16 (full 3):
 PSYoungGen      total 241152K, used 238424K [0x00000000d5580000, 0x00000000e5d00000, 0x0000000100000000)
  eden space 217600K, 100% used [0x00000000d5580000,0x00000000e2a00000,0x00000000e2a00000)
  from space 23552K, 88% used [0x00000000e4380000,0x00000000e57d63f8,0x00000000e5a80000)
  to   space 26112K, 0% used [0x00000000e2a00000,0x00000000e2a00000,0x00000000e4380000)
 ParOldGen       total 144384K, used 32026K [0x0000000080000000, 0x0000000088d00000, 0x00000000d5580000)
  object space 144384K, 22% used [0x0000000080000000,0x0000000081f46ad0,0x0000000088d00000)
 Metaspace       used 79612K, capacity 83412K, committed 83544K, reserved 1122304K
  class space    used 10648K, capacity 11367K, committed 11392K, reserved 1048576K
Event: 17.407 GC heap after
Heap after GC invocations=16 (full 3):
 PSYoungGen      total 243712K, used 25152K [0x00000000d5580000, 0x00000000e7e80000, 0x0000000100000000)
  eden space 217600K, 0% used [0x00000000d5580000,0x00000000d5580000,0x00000000e2a00000)
  from space 26112K, 96% used [0x00000000e2a00000,0x00000000e4290110,0x00000000e4380000)
  to   space 29184K, 0% used [0x00000000e6200000,0x00000000e6200000,0x00000000e7e80000)
 ParOldGen       total 144384K, used 32034K [0x0000000080000000, 0x0000000088d00000, 0x00000000d5580000)
  object space 144384K, 22% used [0x0000000080000000,0x0000000081f48ad0,0x0000000088d00000)
 Metaspace       used 79612K, capacity 83412K, committed 83544K, reserved 1122304K
  class space    used 10648K, capacity 11367K, committed 11392K, reserved 1048576K
}
Event: 19.365 GC heap before
{Heap before GC invocations=17 (full 3):
 PSYoungGen      total 243712K, used 242752K [0x00000000d5580000, 0x00000000e7e80000, 0x0000000100000000)
  eden space 217600K, 100% used [0x00000000d5580000,0x00000000e2a00000,0x00000000e2a00000)
  from space 26112K, 96% used [0x00000000e2a00000,0x00000000e4290110,0x00000000e4380000)
  to   space 29184K, 0% used [0x00000000e6200000,0x00000000e6200000,0x00000000e7e80000)
 ParOldGen       total 144384K, used 32034K [0x0000000080000000, 0x0000000088d00000, 0x00000000d5580000)
  object space 144384K, 22% used [0x0000000080000000,0x0000000081f48ad0,0x0000000088d00000)
 Metaspace       used 83626K, capacity 88142K, committed 88408K, reserved 1126400K
  class space    used 11247K, capacity 12096K, committed 12160K, reserved 1048576K
Event: 19.481 GC heap after
Heap after GC invocations=17 (full 3):
 PSYoungGen      total 246784K, used 29173K [0x00000000d5580000, 0x00000000e7e80000, 0x0000000100000000)
  eden space 217600K, 0% used [0x00000000d5580000,0x00000000d5580000,0x00000000e2a00000)
  from space 29184K, 99% used [0x00000000e6200000,0x00000000e7e7d538,0x00000000e7e80000)
  to   space 26112K, 0% used [0x00000000e2a00000,0x00000000e2a00000,0x00000000e4380000)
 ParOldGen       total 144384K, used 53788K [0x0000000080000000, 0x0000000088d00000, 0x00000000d5580000)
  object space 144384K, 37% used [0x0000000080000000,0x0000000083487108,0x0000000088d00000)
 Metaspace       used 83626K, capacity 88142K, committed 88408K, reserved 1126400K
  class space    used 11247K, capacity 12096K, committed 12160K, reserved 1048576K
}

